{"name": "test_ddt_register_with_valid_user_data[6671136555-147893184-rdgafh-opjkf-hgctr8@gmail.com-Beer Sheba-1]", "status": "broken", "statusDetails": {"message": "selenium.common.exceptions.TimeoutException: Message: \nStacktrace:\nBacktrace:\n\t(No symbol) [0x003837D3]\n\t(No symbol) [0x00318B81]\n\t(No symbol) [0x0021B36D]\n\t(No symbol) [0x0024D382]\n\t(No symbol) [0x0024D4BB]\n\t(No symbol) [0x00283302]\n\t(No symbol) [0x0026B464]\n\t(No symbol) [0x00281215]\n\t(No symbol) [0x0026B216]\n\t(No symbol) [0x00240D97]\n\t(No symbol) [0x0024253D]\n\tGetHandleVerifier [0x005FABF2+2510930]\n\tGetHandleVerifier [0x00628EC1+2700065]\n\tGetHandleVerifier [0x0062C86C+2714828]\n\tGetHandleVerifier [0x00433480+645344]\n\t(No symbol) [0x00320FD2]\n\t(No symbol) [0x00326C68]\n\t(No symbol) [0x00326D4B]\n\t(No symbol) [0x00330D6B]\n\tBaseThreadInitThunk [0x75EF7D69+25]\n\tRtlInitializeExceptionChain [0x76F3BB9B+107]\n\tRtlClearBits [0x76F3BB1F+191]", "trace": "self = <Web.Tests.test_data_driven.Test_DataDriveForRegistration object at 0x000002BCBF0C02E0>, phone = 6671136555, id_no = 147893184, fname = 'rdgafh', lname = 'opjkf'\nemail = 'hgctr8@gmail.com', town = 'Beer Sheba', home = 1\n\n    @allure.severity(allure.severity_level.NORMAL)\n    @allure.description(\"Verify if register works with different data\")\n    @pytest.mark.parametrize(\"phone, id_no, fname, lname, email, town, home\", [test1, test2, test3])\n    def test_ddt_register_with_valid_user_data(self, phone, id_no, fname, lname, email, town, home):\n        self.handle_the_first_popup()\n        self.click_myaccount_link()\n        self.click_register_button()\n        self.enter_ddt_phone(phone)\n        self.enter_ddt_id(self.id_field, id_no)\n        self.click_checkbox()\n        self.click_connection()\n>       assert self.checking_the_title(self.page_title2) == 'רק מוודאים שאנחנו מכירים'\n\nTests\\test_data_driven.py:25: \n_ _ _ _ _ _ _ _ _ _ _ _ _ _ _ _ _ _ _ _ _ _ _ _ _ _ _ _ _ _ _ _ _ _ _ _ _ _ _ _ _ _ _ _ _ _ _ _ _ _ _ _ _ _ _ _ _ _ _ _ _ _ _ _ _ _ _ _ _ _ _ _ _ _ _ _ _ _ _ _ _ _ _ _ _ _ _ _ _ _ _ _\nPages\\register_page.py:31: in checking_the_title\n    return self.text_reading(locate)\nBasePage\\basepage.py:49: in text_reading\n    return self._find(locate).text\nBasePage\\basepage.py:15: in _find\n    self._wait_until_element_is_visible(locate)\nBasePage\\basepage.py:25: in _wait_until_element_is_visible\n    wait.until(ec.visibility_of_element_located(locate))\n_ _ _ _ _ _ _ _ _ _ _ _ _ _ _ _ _ _ _ _ _ _ _ _ _ _ _ _ _ _ _ _ _ _ _ _ _ _ _ _ _ _ _ _ _ _ _ _ _ _ _ _ _ _ _ _ _ _ _ _ _ _ _ _ _ _ _ _ _ _ _ _ _ _ _ _ _ _ _ _ _ _ _ _ _ _ _ _ _ _ _ _\n\nself = <selenium.webdriver.support.wait.WebDriverWait (session=\"a140491c1da9cc7a29c3d0ab441db561\")>\nmethod = <function visibility_of_element_located.<locals>._predicate at 0x000002BCBF754670>, message = ''\n\n    def until(self, method, message: str = \"\"):\n        \"\"\"Calls the method provided with the driver as an argument until the \\\n        return value does not evaluate to ``False``.\n    \n        :param method: callable(WebDriver)\n        :param message: optional message for :exc:`TimeoutException`\n        :returns: the result of the last call to `method`\n        :raises: :exc:`selenium.common.exceptions.TimeoutException` if timeout occurs\n        \"\"\"\n        screen = None\n        stacktrace = None\n    \n        end_time = time.monotonic() + self._timeout\n        while True:\n            try:\n                value = method(self._driver)\n                if value:\n                    return value\n            except self._ignored_exceptions as exc:\n                screen = getattr(exc, \"screen\", None)\n                stacktrace = getattr(exc, \"stacktrace\", None)\n            time.sleep(self._poll)\n            if time.monotonic() > end_time:\n                break\n>       raise TimeoutException(message, screen, stacktrace)\nE       selenium.common.exceptions.TimeoutException: Message: \nE       Stacktrace:\nE       Backtrace:\nE       \t(No symbol) [0x003837D3]\nE       \t(No symbol) [0x00318B81]\nE       \t(No symbol) [0x0021B36D]\nE       \t(No symbol) [0x0024D382]\nE       \t(No symbol) [0x0024D4BB]\nE       \t(No symbol) [0x00283302]\nE       \t(No symbol) [0x0026B464]\nE       \t(No symbol) [0x00281215]\nE       \t(No symbol) [0x0026B216]\nE       \t(No symbol) [0x00240D97]\nE       \t(No symbol) [0x0024253D]\nE       \tGetHandleVerifier [0x005FABF2+2510930]\nE       \tGetHandleVerifier [0x00628EC1+2700065]\nE       \tGetHandleVerifier [0x0062C86C+2714828]\nE       \tGetHandleVerifier [0x00433480+645344]\nE       \t(No symbol) [0x00320FD2]\nE       \t(No symbol) [0x00326C68]\nE       \t(No symbol) [0x00326D4B]\nE       \t(No symbol) [0x00330D6B]\nE       \tBaseThreadInitThunk [0x75EF7D69+25]\nE       \tRtlInitializeExceptionChain [0x76F3BB9B+107]\nE       \tRtlClearBits [0x76F3BB1F+191]\n\n..\\..\\..\\pselenium-venv\\lib\\site-packages\\selenium\\webdriver\\support\\wait.py:95: TimeoutException"}, "description": "Verify if register works with different data", "steps": [{"name": "Opening the qa-trado website", "status": "passed", "start": 1677082839191, "stop": 1677082858041}, {"name": "select_option1", "status": "passed", "start": 1677082858041, "stop": 1677082858224}, {"name": "select_option2", "status": "passed", "start": 1677082858224, "stop": 1677082858353}, {"name": "click_save_button", "status": "passed", "start": 1677082858354, "stop": 1677082858818}, {"name": "click_myaccount_link", "status": "passed", "start": 1677082858818, "stop": 1677082859294}, {"name": "click_register_button", "status": "passed", "start": 1677082859294, "stop": 1677082859954}, {"name": "enter_ddt_phone", "status": "passed", "parameters": [{"name": "phone", "value": "6671136555"}], "start": 1677082859954, "stop": 1677082860207}, {"name": "enter_ddt_id", "status": "passed", "parameters": [{"name": "locate", "value": "('xpath', \"//body/div[@id='root']/div[1]/div[4]/div[1]/div[1]/div[1]/div[1]/form[1]/div[1]/div[2]/span[1]/input[1]\")"}, {"name": "idn", "value": "147893184"}], "start": 1677082860207, "stop": 1677082860494}, {"name": "click_checkbox", "status": "passed", "start": 1677082860495, "stop": 1677082860627}, {"name": "click_connection", "status": "passed", "start": 1677082860628, "stop": 1677082860855}, {"name": "checking_the_title", "status": "broken", "statusDetails": {"message": "selenium.common.exceptions.TimeoutException: Message: \nStacktrace:\nBacktrace:\n\t(No symbol) [0x003837D3]\n\t(No symbol) [0x00318B81]\n\t(No symbol) [0x0021B36D]\n\t(No symbol) [0x0024D382]\n\t(No symbol) [0x0024D4BB]\n\t(No symbol) [0x00283302]\n\t(No symbol) [0x0026B464]\n\t(No symbol) [0x00281215]\n\t(No symbol) [0x0026B216]\n\t(No symbol) [0x00240D97]\n\t(No symbol) [0x0024253D]\n\tGetHandleVerifier [0x005FABF2+2510930]\n\tGetHandleVerifier [0x00628EC1+2700065]\n\tGetHandleVerifier [0x0062C86C+2714828]\n\tGetHandleVerifier [0x00433480+645344]\n\t(No symbol) [0x00320FD2]\n\t(No symbol) [0x00326C68]\n\t(No symbol) [0x00326D4B]\n\t(No symbol) [0x00330D6B]\n\tBaseThreadInitThunk [0x75EF7D69+25]\n\tRtlInitializeExceptionChain [0x76F3BB9B+107]\n\tRtlClearBits [0x76F3BB1F+191]\n\n", "trace": "  File \"C:\\Users\\user\\pselenium-venv\\lib\\site-packages\\allure_commons\\_allure.py\", line 192, in impl\n    return func(*a, **kw)\n  File \"C:\\Users\\user\\PycharmProjects\\Trado\\Web\\Pages\\register_page.py\", line 31, in checking_the_title\n    return self.text_reading(locate)\n  File \"C:\\Users\\user\\PycharmProjects\\Trado\\Web\\BasePage\\basepage.py\", line 49, in text_reading\n    return self._find(locate).text\n  File \"C:\\Users\\user\\PycharmProjects\\Trado\\Web\\BasePage\\basepage.py\", line 15, in _find\n    self._wait_until_element_is_visible(locate)\n  File \"C:\\Users\\user\\PycharmProjects\\Trado\\Web\\BasePage\\basepage.py\", line 25, in _wait_until_element_is_visible\n    wait.until(ec.visibility_of_element_located(locate))\n  File \"C:\\Users\\user\\pselenium-venv\\lib\\site-packages\\selenium\\webdriver\\support\\wait.py\", line 95, in until\n    raise TimeoutException(message, screen, stacktrace)\n"}, "parameters": [{"name": "locate", "value": "('xpath', \"//h2[contains(text(),'רק מוודאים שאנחנו מכירים')]\")"}], "start": 1677082860857, "stop": 1677082876026}], "parameters": [{"name": "phone", "value": "6671136555"}, {"name": "id_no", "value": "147893184"}, {"name": "fname", "value": "'rdgafh'"}, {"name": "lname", "value": "'opjkf'"}, {"name": "email", "value": "'hgctr8@gmail.com'"}, {"name": "town", "value": "'Beer Sheba'"}, {"name": "home", "value": "1"}], "start": 1677082839190, "stop": 1677082876028, "uuid": "d07d5a32-e6a7-42a0-9800-92f1b9378384", "historyId": "96fe7df7268a501e89b01c1c0ee24eb9", "testCaseId": "e0496ec3a13932e6b568ac3f6b12d3de", "fullName": "Tests.test_data_driven.Test_DataDriveForRegistration#test_ddt_register_with_valid_user_data", "labels": [{"name": "severity", "value": "normal"}, {"name": "parentSuite", "value": "Tests"}, {"name": "suite", "value": "test_data_driven"}, {"name": "subSuite", "value": "Test_DataDriveForRegistration"}, {"name": "host", "value": "mike"}, {"name": "thread", "value": "18868-MainThread"}, {"name": "framework", "value": "pytest"}, {"name": "language", "value": "cpython3"}, {"name": "package", "value": "Tests.test_data_driven"}]}