{"name": "test_fintrado_payment", "status": "broken", "statusDetails": {"message": "selenium.common.exceptions.TimeoutException: Message: \nStacktrace:\nBacktrace:\n\t(No symbol) [0x003837D3]\n\t(No symbol) [0x00318B81]\n\t(No symbol) [0x0021B36D]\n\t(No symbol) [0x0024D382]\n\t(No symbol) [0x0024D4BB]\n\t(No symbol) [0x00283302]\n\t(No symbol) [0x0026B464]\n\t(No symbol) [0x00281215]\n\t(No symbol) [0x0026B216]\n\t(No symbol) [0x00240D97]\n\t(No symbol) [0x0024253D]\n\tGetHandleVerifier [0x005FABF2+2510930]\n\tGetHandleVerifier [0x00628EC1+2700065]\n\tGetHandleVerifier [0x0062C86C+2714828]\n\tGetHandleVerifier [0x00433480+645344]\n\t(No symbol) [0x00320FD2]\n\t(No symbol) [0x00326C68]\n\t(No symbol) [0x00326D4B]\n\t(No symbol) [0x00330D6B]\n\tBaseThreadInitThunk [0x75EF7D69+25]\n\tRtlInitializeExceptionChain [0x76F3BB9B+107]\n\tRtlClearBits [0x76F3BB1F+191]", "trace": "self = <Web.Tests.test_product_order.Test_Order object at 0x000002BCBF0B6980>\n\n    @allure.severity(allure.severity_level.NORMAL)\n    @allure.description(\"Verify if the fintrado payment system is working properly\")\n    def test_fintrado_payment(self):\n        self.handle_the_first_popup()\n        self.click_the_product(self.og_kush)\n        self.click_plus_icon()\n        self.press_checkout_button()\n        self.enter_phone(self.phone_number)\n        self.click_connection()\n        self.enter_login_code(self.login_code(f'{self.phone_number}'))\n        self.press_login_button()\n        self.press_checkout_button()\n        self.enter_name(self.business_name, self.order_name)\n        self.enter_id(self.id_num)\n        self.enter_email(self.business_email, self.email_address)\n        self.enter_city(self.city, self.town)\n        self.enter_street(self.street, self.street_name)\n        self.enter_home(self.home, self.home_num)\n        self.enter_get(self.entrance, self.enter)\n        self.enter_floor(self.floor, self.floor_num)\n        self.enter_name(self.business_name2, self.order_name)\n        self.click_finish_button()\n>       self._is_enabled(self.fin_trado)\n\nTests\\test_product_order.py:347: \n_ _ _ _ _ _ _ _ _ _ _ _ _ _ _ _ _ _ _ _ _ _ _ _ _ _ _ _ _ _ _ _ _ _ _ _ _ _ _ _ _ _ _ _ _ _ _ _ _ _ _ _ _ _ _ _ _ _ _ _ _ _ _ _ _ _ _ _ _ _ _ _ _ _ _ _ _ _ _ _ _ _ _ _ _ _ _ _ _ _ _ _\nBasePage\\basepage.py:68: in _is_enabled\n    self._wait_until_element_is_visible(locator)\nBasePage\\basepage.py:25: in _wait_until_element_is_visible\n    wait.until(ec.visibility_of_element_located(locate))\n_ _ _ _ _ _ _ _ _ _ _ _ _ _ _ _ _ _ _ _ _ _ _ _ _ _ _ _ _ _ _ _ _ _ _ _ _ _ _ _ _ _ _ _ _ _ _ _ _ _ _ _ _ _ _ _ _ _ _ _ _ _ _ _ _ _ _ _ _ _ _ _ _ _ _ _ _ _ _ _ _ _ _ _ _ _ _ _ _ _ _ _\n\nself = <selenium.webdriver.support.wait.WebDriverWait (session=\"436f54a7ce0c892bd9de8e710ae4ed59\")>\nmethod = <function visibility_of_element_located.<locals>._predicate at 0x000002BCC0A54310>, message = ''\n\n    def until(self, method, message: str = \"\"):\n        \"\"\"Calls the method provided with the driver as an argument until the \\\n        return value does not evaluate to ``False``.\n    \n        :param method: callable(WebDriver)\n        :param message: optional message for :exc:`TimeoutException`\n        :returns: the result of the last call to `method`\n        :raises: :exc:`selenium.common.exceptions.TimeoutException` if timeout occurs\n        \"\"\"\n        screen = None\n        stacktrace = None\n    \n        end_time = time.monotonic() + self._timeout\n        while True:\n            try:\n                value = method(self._driver)\n                if value:\n                    return value\n            except self._ignored_exceptions as exc:\n                screen = getattr(exc, \"screen\", None)\n                stacktrace = getattr(exc, \"stacktrace\", None)\n            time.sleep(self._poll)\n            if time.monotonic() > end_time:\n                break\n>       raise TimeoutException(message, screen, stacktrace)\nE       selenium.common.exceptions.TimeoutException: Message: \nE       Stacktrace:\nE       Backtrace:\nE       \t(No symbol) [0x003837D3]\nE       \t(No symbol) [0x00318B81]\nE       \t(No symbol) [0x0021B36D]\nE       \t(No symbol) [0x0024D382]\nE       \t(No symbol) [0x0024D4BB]\nE       \t(No symbol) [0x00283302]\nE       \t(No symbol) [0x0026B464]\nE       \t(No symbol) [0x00281215]\nE       \t(No symbol) [0x0026B216]\nE       \t(No symbol) [0x00240D97]\nE       \t(No symbol) [0x0024253D]\nE       \tGetHandleVerifier [0x005FABF2+2510930]\nE       \tGetHandleVerifier [0x00628EC1+2700065]\nE       \tGetHandleVerifier [0x0062C86C+2714828]\nE       \tGetHandleVerifier [0x00433480+645344]\nE       \t(No symbol) [0x00320FD2]\nE       \t(No symbol) [0x00326C68]\nE       \t(No symbol) [0x00326D4B]\nE       \t(No symbol) [0x00330D6B]\nE       \tBaseThreadInitThunk [0x75EF7D69+25]\nE       \tRtlInitializeExceptionChain [0x76F3BB9B+107]\nE       \tRtlClearBits [0x76F3BB1F+191]\n\n..\\..\\..\\pselenium-venv\\lib\\site-packages\\selenium\\webdriver\\support\\wait.py:95: TimeoutException"}, "description": "Verify if the fintrado payment system is working properly", "steps": [{"name": "Opening the qa-trado website", "status": "passed", "start": 1677084100218, "stop": 1677084114379}, {"name": "select_option1", "status": "passed", "start": 1677084114379, "stop": 1677084114628}, {"name": "select_option2", "status": "passed", "start": 1677084114628, "stop": 1677084114863}, {"name": "click_save_button", "status": "passed", "start": 1677084114864, "stop": 1677084116195}, {"name": "click_the_product", "status": "passed", "parameters": [{"name": "locate", "value": "('xpath', \"//div[contains(text(),'OG Kush')]\")"}], "start": 1677084116196, "stop": 1677084116457}, {"name": "click_plus_icon", "status": "passed", "start": 1677084116457, "stop": 1677084117196}, {"name": "press_checkout_button", "status": "passed", "start": 1677084117197, "stop": 1677084117874}, {"name": "enter_phone", "status": "passed", "parameters": [{"name": "numb", "value": "1051111111"}], "start": 1677084117874, "stop": 1677084118384}, {"name": "click_connection", "status": "passed", "start": 1677084118385, "stop": 1677084118630}, {"name": "enter_login_code", "status": "passed", "parameters": [{"name": "locate", "value": "'12016'"}], "start": 1677084119738, "stop": 1677084120286}, {"name": "press_login_button", "status": "passed", "start": 1677084120287, "stop": 1677084120599}, {"name": "press_checkout_button", "status": "passed", "start": 1677084120599, "stop": 1677084121140}, {"name": "enter_name", "status": "passed", "parameters": [{"name": "locator", "value": "('xpath', '/html[1]/body[1]/div[1]/div[1]/div[2]/div[2]/div[1]/div[2]/div[1]/div[2]/form[1]/section[1]/div[1]/div[1]/input[1]')"}, {"name": "name", "value": "'Mikio'"}], "start": 1677084121141, "stop": 1677084121572}, {"name": "enter_id", "status": "passed", "parameters": [{"name": "value", "value": "('xpath', '/html[1]/body[1]/div[1]/div[1]/div[2]/div[2]/div[1]/div[2]/div[1]/div[2]/form[1]/section[1]/div[1]/div[2]/input[1]')"}], "start": 1677084121572, "stop": 1677084122015}, {"name": "enter_email", "status": "passed", "parameters": [{"name": "locate", "value": "('xpath', \"//body/div[@id='root']/div[1]/div[2]/div[2]/div[1]/div[2]/div[1]/div[2]/form[1]/section[1]/div[1]/div[3]/input[1]\")"}, {"name": "email", "value": "'mikigen@gmail.com'"}], "start": 1677084122015, "stop": 1677084122478}, {"name": "enter_city", "status": "passed", "parameters": [{"name": "locate", "value": "('xpath', \"//body/div[@id='root']/div[1]/div[2]/div[2]/div[1]/div[2]/div[1]/div[2]/form[1]/section[1]/div[2]/div[1]/input[1]\")"}, {"name": "address", "value": "'Beer Sheba'"}], "start": 1677084122478, "stop": 1677084122849}, {"name": "enter_street", "status": "passed", "parameters": [{"name": "locate", "value": "('xpath', \"//body/div[@id='root']/div[1]/div[2]/div[2]/div[1]/div[2]/div[1]/div[2]/form[1]/section[1]/div[2]/div[2]/input[1]\")"}, {"name": "address", "value": "'Gush Etzion'"}], "start": 1677084122849, "stop": 1677084123221}, {"name": "enter_home", "status": "passed", "parameters": [{"name": "locate", "value": "('xpath', \"//body/div[@id='root']/div[1]/div[2]/div[2]/div[1]/div[2]/div[1]/div[2]/form[1]/section[1]/div[2]/div[3]/input[1]\")"}, {"name": "address", "value": "45"}], "start": 1677084123221, "stop": 1677084123518}, {"name": "enter_get", "status": "passed", "parameters": [{"name": "locate", "value": "('xpath', \"//body/div[@id='root']/div[1]/div[2]/div[2]/div[1]/div[2]/div[1]/div[2]/form[1]/section[1]/div[2]/div[4]/input[1]\")"}, {"name": "address", "value": "2"}], "start": 1677084123518, "stop": 1677084123839}, {"name": "enter_floor", "status": "passed", "parameters": [{"name": "locate", "value": "('xpath', \"//body/div[@id='root']/div[1]/div[2]/div[2]/div[1]/div[2]/div[1]/div[2]/form[1]/section[1]/div[2]/div[5]/input[1]\")"}, {"name": "address", "value": "1"}], "start": 1677084123839, "stop": 1677084124167}, {"name": "enter_name", "status": "passed", "parameters": [{"name": "locator", "value": "('xpath', \"//body/div[@id='root']/div[1]/div[2]/div[2]/div[1]/div[2]/div[1]/div[2]/form[1]/section[2]/div[2]/div[1]/input[1]\")"}, {"name": "name", "value": "'Mikio'"}], "start": 1677084124167, "stop": 1677084124428}, {"name": "click_finish_button", "status": "passed", "start": 1677084124428, "stop": 1677084124664}, {"name": "_is_enabled", "status": "broken", "statusDetails": {"message": "selenium.common.exceptions.TimeoutException: Message: \nStacktrace:\nBacktrace:\n\t(No symbol) [0x003837D3]\n\t(No symbol) [0x00318B81]\n\t(No symbol) [0x0021B36D]\n\t(No symbol) [0x0024D382]\n\t(No symbol) [0x0024D4BB]\n\t(No symbol) [0x00283302]\n\t(No symbol) [0x0026B464]\n\t(No symbol) [0x00281215]\n\t(No symbol) [0x0026B216]\n\t(No symbol) [0x00240D97]\n\t(No symbol) [0x0024253D]\n\tGetHandleVerifier [0x005FABF2+2510930]\n\tGetHandleVerifier [0x00628EC1+2700065]\n\tGetHandleVerifier [0x0062C86C+2714828]\n\tGetHandleVerifier [0x00433480+645344]\n\t(No symbol) [0x00320FD2]\n\t(No symbol) [0x00326C68]\n\t(No symbol) [0x00326D4B]\n\t(No symbol) [0x00330D6B]\n\tBaseThreadInitThunk [0x75EF7D69+25]\n\tRtlInitializeExceptionChain [0x76F3BB9B+107]\n\tRtlClearBits [0x76F3BB1F+191]\n\n", "trace": "  File \"C:\\Users\\user\\pselenium-venv\\lib\\site-packages\\allure_commons\\_allure.py\", line 192, in impl\n    return func(*a, **kw)\n  File \"C:\\Users\\user\\PycharmProjects\\Trado\\Web\\BasePage\\basepage.py\", line 68, in _is_enabled\n    self._wait_until_element_is_visible(locator)\n  File \"C:\\Users\\user\\PycharmProjects\\Trado\\Web\\BasePage\\basepage.py\", line 25, in _wait_until_element_is_visible\n    wait.until(ec.visibility_of_element_located(locate))\n  File \"C:\\Users\\user\\pselenium-venv\\lib\\site-packages\\selenium\\webdriver\\support\\wait.py\", line 95, in until\n    raise TimeoutException(message, screen, stacktrace)\n"}, "parameters": [{"name": "locator", "value": "('xpath', \"//input[@id='finTrado']\")"}], "start": 1677084124664, "stop": 1677084139850}], "start": 1677084100218, "stop": 1677084139851, "uuid": "f3438a37-8102-4c11-a1b8-3e972a7fdb2e", "historyId": "ea86c07b1d1b1d02335dc044a3bfa983", "testCaseId": "6456df0765b7e3601be4764eb39df200", "fullName": "Tests.test_product_order.Test_Order#test_fintrado_payment", "labels": [{"name": "severity", "value": "normal"}, {"name": "parentSuite", "value": "Tests"}, {"name": "suite", "value": "test_product_order"}, {"name": "subSuite", "value": "Test_Order"}, {"name": "host", "value": "mike"}, {"name": "thread", "value": "18868-MainThread"}, {"name": "framework", "value": "pytest"}, {"name": "language", "value": "cpython3"}, {"name": "package", "value": "Tests.test_product_order"}]}