{"name": "test_all_products_are_clickable", "status": "failed", "statusDetails": {"message": "AssertionError", "trace": "self = <Web.Tests.test_snacks.Test_SnacksPage object at 0x000002BCBF4C3D00>\n\n    @allure.severity(allure.severity_level.NORMAL)\n    @allure.description(\"Verify if all products are clickable\")\n    def test_all_products_are_clickable(self):\n        self.open()\n        self.select_option1()\n        self.select_option2()\n        self.click_save_button()\n        self.clicking_snacks_link()\n>       self.click_all_products()\n\nTests\\test_snacks.py:91: \n_ _ _ _ _ _ _ _ _ _ _ _ _ _ _ _ _ _ _ _ _ _ _ _ _ _ _ _ _ _ _ _ _ _ _ _ _ _ _ _ _ _ _ _ _ _ _ _ _ _ _ _ _ _ _ _ _ _ _ _ _ _ _ _ _ _ _ _ _ _ _ _ _ _ _ _ _ _ _ _ _ _ _ _ _ _ _ _ _ _ _ _\n\nself = <Web.Tests.test_snacks.Test_SnacksPage object at 0x000002BCBF4C3D00>\n\n    @allure.step\n    def click_all_products(self):\n        products = self._find_elements(self.products_path)\n        for i in range(len(products)):\n            location = (By.XPATH, f'/html[1]/body[1]/div[1]/div[1]/div[2]/div[2]/div[1]/div[1]/div[2]/div[1]/div['\n                                  f'2]/div[2]/a[{i+1}]/div[1]/div[2]/div[2]/div[1]')\n            title1 = self._find(location).text\n            self._click(location)\n            title2 = self._find(self.product_title).text\n>           assert title1 == title2\nE           AssertionError\n\nPages\\snacks_page.py:119: AssertionError"}, "description": "Verify if all products are clickable", "steps": [{"name": "Opening the qa-trado website", "status": "passed", "start": 1677086546620, "stop": 1677086566728}, {"name": "clicking_snacks_link", "status": "passed", "start": 1677086568727, "stop": 1677086571579}, {"name": "click_all_products", "status": "failed", "statusDetails": {"message": "AssertionError\n", "trace": "  File \"C:\\Users\\user\\pselenium-venv\\lib\\site-packages\\allure_commons\\_allure.py\", line 192, in impl\n    return func(*a, **kw)\n  File \"C:\\Users\\user\\PycharmProjects\\Trado\\Web\\Pages\\snacks_page.py\", line 119, in click_all_products\n    assert title1 == title2\n"}, "start": 1677086571579, "stop": 1677086572809}], "start": 1677086546620, "stop": 1677086572809, "uuid": "cf5218a5-70a8-43e1-b0ad-f295f7d6855a", "historyId": "b0be91064e5a58dbdcc85be19f92d340", "testCaseId": "16f648082183d2a42d6c5c532f22fdc9", "fullName": "Tests.test_snacks.Test_SnacksPage#test_all_products_are_clickable", "labels": [{"name": "severity", "value": "normal"}, {"name": "parentSuite", "value": "Tests"}, {"name": "suite", "value": "test_snacks"}, {"name": "subSuite", "value": "Test_SnacksPage"}, {"name": "host", "value": "mike"}, {"name": "thread", "value": "18868-MainThread"}, {"name": "framework", "value": "pytest"}, {"name": "language", "value": "cpython3"}, {"name": "package", "value": "Tests.test_snacks"}]}