{"name": "test_lezirat_ha_mishar_btn", "status": "broken", "statusDetails": {"message": "selenium.common.exceptions.TimeoutException: Message: \nStacktrace:\nBacktrace:\n\t(No symbol) [0x003837D3]\n\t(No symbol) [0x00318B81]\n\t(No symbol) [0x0021B36D]\n\t(No symbol) [0x0024D382]\n\t(No symbol) [0x0024D4BB]\n\t(No symbol) [0x00283302]\n\t(No symbol) [0x0026B464]\n\t(No symbol) [0x00281215]\n\t(No symbol) [0x0026B216]\n\t(No symbol) [0x00240D97]\n\t(No symbol) [0x0024253D]\n\tGetHandleVerifier [0x005FABF2+2510930]\n\tGetHandleVerifier [0x00628EC1+2700065]\n\tGetHandleVerifier [0x0062C86C+2714828]\n\tGetHandleVerifier [0x00433480+645344]\n\t(No symbol) [0x00320FD2]\n\t(No symbol) [0x00326C68]\n\t(No symbol) [0x00326D4B]\n\t(No symbol) [0x00330D6B]\n\tBaseThreadInitThunk [0x75EF7D69+25]\n\tRtlInitializeExceptionChain [0x76F3BB9B+107]\n\tRtlClearBits [0x76F3BB1F+191]", "trace": "self = <Web.Tests.test_who_we_are.Test object at 0x000002BCBF1E1390>\n\n    @allure.description(\"verify 'לזירת המסחר' buuton functionality found on who we are page\")\n    def test_lezirat_ha_mishar_btn(self):\n        self.open()\n        self.select_the_options_1()\n        self.select_the_options_2()\n        self.save_btn()\n        self.click_who_we_are_link_text()\n        self.switching_window()\n>       self.click_lezirat_hamishar_btn()\n\nTests\\test_who_we_are.py:24: \n_ _ _ _ _ _ _ _ _ _ _ _ _ _ _ _ _ _ _ _ _ _ _ _ _ _ _ _ _ _ _ _ _ _ _ _ _ _ _ _ _ _ _ _ _ _ _ _ _ _ _ _ _ _ _ _ _ _ _ _ _ _ _ _ _ _ _ _ _ _ _ _ _ _ _ _ _ _ _ _ _ _ _ _ _ _ _ _ _ _ _ _\nPages\\WhoWeAre_page.py:44: in click_lezirat_hamishar_btn\n    self._click(self.mischar_button)\nBasePage\\basepage.py:32: in _click\n    self._wait_until_element_is_visible(locate)\nBasePage\\basepage.py:25: in _wait_until_element_is_visible\n    wait.until(ec.visibility_of_element_located(locate))\n_ _ _ _ _ _ _ _ _ _ _ _ _ _ _ _ _ _ _ _ _ _ _ _ _ _ _ _ _ _ _ _ _ _ _ _ _ _ _ _ _ _ _ _ _ _ _ _ _ _ _ _ _ _ _ _ _ _ _ _ _ _ _ _ _ _ _ _ _ _ _ _ _ _ _ _ _ _ _ _ _ _ _ _ _ _ _ _ _ _ _ _\n\nself = <selenium.webdriver.support.wait.WebDriverWait (session=\"6c3724dd1ce8898dfe856017cb8e7836\")>\nmethod = <function visibility_of_element_located.<locals>._predicate at 0x000002BCC0CFEE60>, message = ''\n\n    def until(self, method, message: str = \"\"):\n        \"\"\"Calls the method provided with the driver as an argument until the \\\n        return value does not evaluate to ``False``.\n    \n        :param method: callable(WebDriver)\n        :param message: optional message for :exc:`TimeoutException`\n        :returns: the result of the last call to `method`\n        :raises: :exc:`selenium.common.exceptions.TimeoutException` if timeout occurs\n        \"\"\"\n        screen = None\n        stacktrace = None\n    \n        end_time = time.monotonic() + self._timeout\n        while True:\n            try:\n                value = method(self._driver)\n                if value:\n                    return value\n            except self._ignored_exceptions as exc:\n                screen = getattr(exc, \"screen\", None)\n                stacktrace = getattr(exc, \"stacktrace\", None)\n            time.sleep(self._poll)\n            if time.monotonic() > end_time:\n                break\n>       raise TimeoutException(message, screen, stacktrace)\nE       selenium.common.exceptions.TimeoutException: Message: \nE       Stacktrace:\nE       Backtrace:\nE       \t(No symbol) [0x003837D3]\nE       \t(No symbol) [0x00318B81]\nE       \t(No symbol) [0x0021B36D]\nE       \t(No symbol) [0x0024D382]\nE       \t(No symbol) [0x0024D4BB]\nE       \t(No symbol) [0x00283302]\nE       \t(No symbol) [0x0026B464]\nE       \t(No symbol) [0x00281215]\nE       \t(No symbol) [0x0026B216]\nE       \t(No symbol) [0x00240D97]\nE       \t(No symbol) [0x0024253D]\nE       \tGetHandleVerifier [0x005FABF2+2510930]\nE       \tGetHandleVerifier [0x00628EC1+2700065]\nE       \tGetHandleVerifier [0x0062C86C+2714828]\nE       \tGetHandleVerifier [0x00433480+645344]\nE       \t(No symbol) [0x00320FD2]\nE       \t(No symbol) [0x00326C68]\nE       \t(No symbol) [0x00326D4B]\nE       \t(No symbol) [0x00330D6B]\nE       \tBaseThreadInitThunk [0x75EF7D69+25]\nE       \tRtlInitializeExceptionChain [0x76F3BB9B+107]\nE       \tRtlClearBits [0x76F3BB1F+191]\n\n..\\..\\..\\pselenium-venv\\lib\\site-packages\\selenium\\webdriver\\support\\wait.py:95: TimeoutException"}, "description": "verify 'לזירת המסחר' buuton functionality found on who we are page", "steps": [{"name": "Opening the qa-trado website", "status": "passed", "start": 1677087544252, "stop": 1677087566337}, {"name": "select_the_options_1", "status": "passed", "start": 1677087566337, "stop": 1677087566799}, {"name": "select_the_options_2", "status": "passed", "start": 1677087566799, "stop": 1677087566999}, {"name": "save_btn", "status": "passed", "start": 1677087566999, "stop": 1677087568759}, {"name": "click_who_we_are_link_text", "status": "passed", "start": 1677087568759, "stop": 1677087569513}, {"name": "switching_window", "status": "passed", "start": 1677087569515, "stop": 1677087569587}, {"name": "click_lezirat_hamishar_btn", "status": "broken", "statusDetails": {"message": "selenium.common.exceptions.TimeoutException: Message: \nStacktrace:\nBacktrace:\n\t(No symbol) [0x003837D3]\n\t(No symbol) [0x00318B81]\n\t(No symbol) [0x0021B36D]\n\t(No symbol) [0x0024D382]\n\t(No symbol) [0x0024D4BB]\n\t(No symbol) [0x00283302]\n\t(No symbol) [0x0026B464]\n\t(No symbol) [0x00281215]\n\t(No symbol) [0x0026B216]\n\t(No symbol) [0x00240D97]\n\t(No symbol) [0x0024253D]\n\tGetHandleVerifier [0x005FABF2+2510930]\n\tGetHandleVerifier [0x00628EC1+2700065]\n\tGetHandleVerifier [0x0062C86C+2714828]\n\tGetHandleVerifier [0x00433480+645344]\n\t(No symbol) [0x00320FD2]\n\t(No symbol) [0x00326C68]\n\t(No symbol) [0x00326D4B]\n\t(No symbol) [0x00330D6B]\n\tBaseThreadInitThunk [0x75EF7D69+25]\n\tRtlInitializeExceptionChain [0x76F3BB9B+107]\n\tRtlClearBits [0x76F3BB1F+191]\n\n", "trace": "  File \"C:\\Users\\user\\pselenium-venv\\lib\\site-packages\\allure_commons\\_allure.py\", line 192, in impl\n    return func(*a, **kw)\n  File \"C:\\Users\\user\\PycharmProjects\\Trado\\Web\\Pages\\WhoWeAre_page.py\", line 44, in click_lezirat_hamishar_btn\n    self._click(self.mischar_button)\n  File \"C:\\Users\\user\\PycharmProjects\\Trado\\Web\\BasePage\\basepage.py\", line 32, in _click\n    self._wait_until_element_is_visible(locate)\n  File \"C:\\Users\\user\\PycharmProjects\\Trado\\Web\\BasePage\\basepage.py\", line 25, in _wait_until_element_is_visible\n    wait.until(ec.visibility_of_element_located(locate))\n  File \"C:\\Users\\user\\pselenium-venv\\lib\\site-packages\\selenium\\webdriver\\support\\wait.py\", line 95, in until\n    raise TimeoutException(message, screen, stacktrace)\n"}, "start": 1677087569588, "stop": 1677087584764}], "start": 1677087544252, "stop": 1677087584785, "uuid": "440a88bb-b111-44b0-99ee-21ab2a6f9849", "historyId": "843277fc0df6cd411fffb63a4cd14b7f", "testCaseId": "576684c763f319f147e33ab7c6595e07", "fullName": "Tests.test_who_we_are.Test#test_lezirat_ha_mishar_btn", "labels": [{"name": "parentSuite", "value": "Tests"}, {"name": "suite", "value": "test_who_we_are"}, {"name": "subSuite", "value": "Test"}, {"name": "host", "value": "mike"}, {"name": "thread", "value": "18868-MainThread"}, {"name": "framework", "value": "pytest"}, {"name": "language", "value": "cpython3"}, {"name": "package", "value": "Tests.test_who_we_are"}]}