{"name": "test_pratim_nosafim_btn", "status": "broken", "statusDetails": {"message": "selenium.common.exceptions.InvalidArgumentException: Message: invalid argument: 'script' must be a string\n  (Session info: chrome=110.0.5481.104)\nStacktrace:\nBacktrace:\n\t(No symbol) [0x003837D3]\n\t(No symbol) [0x00318B81]\n\t(No symbol) [0x0021B36D]\n\t(No symbol) [0x00282161]\n\t(No symbol) [0x0026B41C]\n\t(No symbol) [0x00281215]\n\t(No symbol) [0x0026B216]\n\t(No symbol) [0x00240D97]\n\t(No symbol) [0x0024253D]\n\tGetHandleVerifier [0x005FABF2+2510930]\n\tGetHandleVerifier [0x00628EC1+2700065]\n\tGetHandleVerifier [0x0062C86C+2714828]\n\tGetHandleVerifier [0x00433480+645344]\n\t(No symbol) [0x00320FD2]\n\t(No symbol) [0x00326C68]\n\t(No symbol) [0x00326D4B]\n\t(No symbol) [0x00330D6B]\n\tBaseThreadInitThunk [0x75EF7D69+25]\n\tRtlInitializeExceptionChain [0x76F3BB9B+107]\n\tRtlClearBits [0x76F3BB1F+191]", "trace": "self = <Web.Tests.test_who_we_are.Test object at 0x000002BCBF1E1600>\n\n    @allure.description(\"verify  'פרתים נוספים' buuton functionality found on who we are page\")\n    def test_pratim_nosafim_btn(self):\n        self.open()\n        self.select_the_options_1()\n        self.select_the_options_2()\n        self.save_btn()\n        self.click_who_we_are_link_text()\n        self.switching_window()\n>       self.click_pratim_nosafim_btn()\n\nTests\\test_who_we_are.py:35: \n_ _ _ _ _ _ _ _ _ _ _ _ _ _ _ _ _ _ _ _ _ _ _ _ _ _ _ _ _ _ _ _ _ _ _ _ _ _ _ _ _ _ _ _ _ _ _ _ _ _ _ _ _ _ _ _ _ _ _ _ _ _ _ _ _ _ _ _ _ _ _ _ _ _ _ _ _ _ _ _ _ _ _ _ _ _ _ _ _ _ _ _\nPages\\WhoWeAre_page.py:52: in click_pratim_nosafim_btn\n    self.scroll(self.pratim_text1, 300)\nBasePage\\basepage.py:29: in scroll\n    self._driver.execute_script(upto)\n..\\..\\..\\pselenium-venv\\lib\\site-packages\\selenium\\webdriver\\remote\\webdriver.py:506: in execute_script\n    return self.execute(command, {\"script\": script, \"args\": converted_args})[\"value\"]\n..\\..\\..\\pselenium-venv\\lib\\site-packages\\selenium\\webdriver\\remote\\webdriver.py:444: in execute\n    self.error_handler.check_response(response)\n_ _ _ _ _ _ _ _ _ _ _ _ _ _ _ _ _ _ _ _ _ _ _ _ _ _ _ _ _ _ _ _ _ _ _ _ _ _ _ _ _ _ _ _ _ _ _ _ _ _ _ _ _ _ _ _ _ _ _ _ _ _ _ _ _ _ _ _ _ _ _ _ _ _ _ _ _ _ _ _ _ _ _ _ _ _ _ _ _ _ _ _\n\nself = <selenium.webdriver.remote.errorhandler.ErrorHandler object at 0x000002BCBF31EA40>\nresponse = {'status': 400, 'value': '{\"value\":{\"error\":\"invalid argument\",\"message\":\"invalid argument: \\'script\\' must be a strin...dInitThunk [0x75EF7D69+25]\\\\n\\\\tRtlInitializeExceptionChain [0x76F3BB9B+107]\\\\n\\\\tRtlClearBits [0x76F3BB1F+191]\\\\n\"}}'}\n\n    def check_response(self, response: Dict[str, Any]) -> None:\n        \"\"\"\n        Checks that a JSON response from the WebDriver does not have an error.\n    \n        :Args:\n         - response - The JSON response from the WebDriver server as a dictionary\n           object.\n    \n        :Raises: If the response contains an error message.\n        \"\"\"\n        status = response.get(\"status\", None)\n        if not status or status == ErrorCode.SUCCESS:\n            return\n        value = None\n        message = response.get(\"message\", \"\")\n        screen: str = response.get(\"screen\", \"\")\n        stacktrace = None\n        if isinstance(status, int):\n            value_json = response.get(\"value\", None)\n            if value_json and isinstance(value_json, str):\n                import json\n    \n                try:\n                    value = json.loads(value_json)\n                    if len(value.keys()) == 1:\n                        value = value[\"value\"]\n                    status = value.get(\"error\", None)\n                    if not status:\n                        status = value.get(\"status\", ErrorCode.UNKNOWN_ERROR)\n                        message = value.get(\"value\") or value.get(\"message\")\n                        if not isinstance(message, str):\n                            value = message\n                            message = message.get(\"message\")\n                    else:\n                        message = value.get(\"message\", None)\n                except ValueError:\n                    pass\n    \n        exception_class: Type[WebDriverException]\n        if status in ErrorCode.NO_SUCH_ELEMENT:\n            exception_class = NoSuchElementException\n        elif status in ErrorCode.NO_SUCH_FRAME:\n            exception_class = NoSuchFrameException\n        elif status in ErrorCode.NO_SUCH_SHADOW_ROOT:\n            exception_class = NoSuchShadowRootException\n        elif status in ErrorCode.NO_SUCH_WINDOW:\n            exception_class = NoSuchWindowException\n        elif status in ErrorCode.STALE_ELEMENT_REFERENCE:\n            exception_class = StaleElementReferenceException\n        elif status in ErrorCode.ELEMENT_NOT_VISIBLE:\n            exception_class = ElementNotVisibleException\n        elif status in ErrorCode.INVALID_ELEMENT_STATE:\n            exception_class = InvalidElementStateException\n        elif (\n            status in ErrorCode.INVALID_SELECTOR\n            or status in ErrorCode.INVALID_XPATH_SELECTOR\n            or status in ErrorCode.INVALID_XPATH_SELECTOR_RETURN_TYPER\n        ):\n            exception_class = InvalidSelectorException\n        elif status in ErrorCode.ELEMENT_IS_NOT_SELECTABLE:\n            exception_class = ElementNotSelectableException\n        elif status in ErrorCode.ELEMENT_NOT_INTERACTABLE:\n            exception_class = ElementNotInteractableException\n        elif status in ErrorCode.INVALID_COOKIE_DOMAIN:\n            exception_class = InvalidCookieDomainException\n        elif status in ErrorCode.UNABLE_TO_SET_COOKIE:\n            exception_class = UnableToSetCookieException\n        elif status in ErrorCode.TIMEOUT:\n            exception_class = TimeoutException\n        elif status in ErrorCode.SCRIPT_TIMEOUT:\n            exception_class = TimeoutException\n        elif status in ErrorCode.UNKNOWN_ERROR:\n            exception_class = WebDriverException\n        elif status in ErrorCode.UNEXPECTED_ALERT_OPEN:\n            exception_class = UnexpectedAlertPresentException\n        elif status in ErrorCode.NO_ALERT_OPEN:\n            exception_class = NoAlertPresentException\n        elif status in ErrorCode.IME_NOT_AVAILABLE:\n            exception_class = ImeNotAvailableException\n        elif status in ErrorCode.IME_ENGINE_ACTIVATION_FAILED:\n            exception_class = ImeActivationFailedException\n        elif status in ErrorCode.MOVE_TARGET_OUT_OF_BOUNDS:\n            exception_class = MoveTargetOutOfBoundsException\n        elif status in ErrorCode.JAVASCRIPT_ERROR:\n            exception_class = JavascriptException\n        elif status in ErrorCode.SESSION_NOT_CREATED:\n            exception_class = SessionNotCreatedException\n        elif status in ErrorCode.INVALID_ARGUMENT:\n            exception_class = InvalidArgumentException\n        elif status in ErrorCode.NO_SUCH_COOKIE:\n            exception_class = NoSuchCookieException\n        elif status in ErrorCode.UNABLE_TO_CAPTURE_SCREEN:\n            exception_class = ScreenshotException\n        elif status in ErrorCode.ELEMENT_CLICK_INTERCEPTED:\n            exception_class = ElementClickInterceptedException\n        elif status in ErrorCode.INSECURE_CERTIFICATE:\n            exception_class = InsecureCertificateException\n        elif status in ErrorCode.INVALID_COORDINATES:\n            exception_class = InvalidCoordinatesException\n        elif status in ErrorCode.INVALID_SESSION_ID:\n            exception_class = InvalidSessionIdException\n        elif status in ErrorCode.UNKNOWN_METHOD:\n            exception_class = UnknownMethodException\n        else:\n            exception_class = WebDriverException\n        if not value:\n            value = response[\"value\"]\n        if isinstance(value, str):\n            raise exception_class(value)\n        if message == \"\" and \"message\" in value:\n            message = value[\"message\"]\n    \n        screen = None  # type: ignore[assignment]\n        if \"screen\" in value:\n            screen = value[\"screen\"]\n    \n        stacktrace = None\n        st_value = value.get(\"stackTrace\") or value.get(\"stacktrace\")\n        if st_value:\n            if isinstance(st_value, str):\n                stacktrace = st_value.split(\"\\n\")\n            else:\n                stacktrace = []\n                try:\n                    for frame in st_value:\n                        line = frame.get(\"lineNumber\", \"\")\n                        file = frame.get(\"fileName\", \"<anonymous>\")\n                        if line:\n                            file = f\"{file}:{line}\"\n                        meth = frame.get(\"methodName\", \"<anonymous>\")\n                        if \"className\" in frame:\n                            meth = \"{}.{}\".format(frame[\"className\"], meth)\n                        msg = \"    at %s (%s)\"\n                        msg = msg % (meth, file)\n                        stacktrace.append(msg)\n                except TypeError:\n                    pass\n        if exception_class == UnexpectedAlertPresentException:\n            alert_text = None\n            if \"data\" in value:\n                alert_text = value[\"data\"].get(\"text\")\n            elif \"alert\" in value:\n                alert_text = value[\"alert\"].get(\"text\")\n            raise exception_class(message, screen, stacktrace, alert_text)  # type: ignore[call-arg]  # mypy is not smart enough here\n>       raise exception_class(message, screen, stacktrace)\nE       selenium.common.exceptions.InvalidArgumentException: Message: invalid argument: 'script' must be a string\nE         (Session info: chrome=110.0.5481.104)\nE       Stacktrace:\nE       Backtrace:\nE       \t(No symbol) [0x003837D3]\nE       \t(No symbol) [0x00318B81]\nE       \t(No symbol) [0x0021B36D]\nE       \t(No symbol) [0x00282161]\nE       \t(No symbol) [0x0026B41C]\nE       \t(No symbol) [0x00281215]\nE       \t(No symbol) [0x0026B216]\nE       \t(No symbol) [0x00240D97]\nE       \t(No symbol) [0x0024253D]\nE       \tGetHandleVerifier [0x005FABF2+2510930]\nE       \tGetHandleVerifier [0x00628EC1+2700065]\nE       \tGetHandleVerifier [0x0062C86C+2714828]\nE       \tGetHandleVerifier [0x00433480+645344]\nE       \t(No symbol) [0x00320FD2]\nE       \t(No symbol) [0x00326C68]\nE       \t(No symbol) [0x00326D4B]\nE       \t(No symbol) [0x00330D6B]\nE       \tBaseThreadInitThunk [0x75EF7D69+25]\nE       \tRtlInitializeExceptionChain [0x76F3BB9B+107]\nE       \tRtlClearBits [0x76F3BB1F+191]\n\n..\\..\\..\\pselenium-venv\\lib\\site-packages\\selenium\\webdriver\\remote\\errorhandler.py:249: InvalidArgumentException"}, "description": "verify  'פרתים נוספים' buuton functionality found on who we are page", "steps": [{"name": "Opening the qa-trado website", "status": "passed", "start": 1677087584891, "stop": 1677087607943}, {"name": "select_the_options_1", "status": "passed", "start": 1677087607943, "stop": 1677087608319}, {"name": "select_the_options_2", "status": "passed", "start": 1677087608319, "stop": 1677087608495}, {"name": "save_btn", "status": "passed", "start": 1677087608495, "stop": 1677087610185}, {"name": "click_who_we_are_link_text", "status": "passed", "start": 1677087610185, "stop": 1677087610760}, {"name": "switching_window", "status": "passed", "start": 1677087610761, "stop": 1677087610994}, {"name": "click_pratim_nosafim_btn", "status": "broken", "statusDetails": {"message": "selenium.common.exceptions.InvalidArgumentException: Message: invalid argument: 'script' must be a string\n  (Session info: chrome=110.0.5481.104)\nStacktrace:\nBacktrace:\n\t(No symbol) [0x003837D3]\n\t(No symbol) [0x00318B81]\n\t(No symbol) [0x0021B36D]\n\t(No symbol) [0x00282161]\n\t(No symbol) [0x0026B41C]\n\t(No symbol) [0x00281215]\n\t(No symbol) [0x0026B216]\n\t(No symbol) [0x00240D97]\n\t(No symbol) [0x0024253D]\n\tGetHandleVerifier [0x005FABF2+2510930]\n\tGetHandleVerifier [0x00628EC1+2700065]\n\tGetHandleVerifier [0x0062C86C+2714828]\n\tGetHandleVerifier [0x00433480+645344]\n\t(No symbol) [0x00320FD2]\n\t(No symbol) [0x00326C68]\n\t(No symbol) [0x00326D4B]\n\t(No symbol) [0x00330D6B]\n\tBaseThreadInitThunk [0x75EF7D69+25]\n\tRtlInitializeExceptionChain [0x76F3BB9B+107]\n\tRtlClearBits [0x76F3BB1F+191]\n\n", "trace": "  File \"C:\\Users\\user\\pselenium-venv\\lib\\site-packages\\allure_commons\\_allure.py\", line 192, in impl\n    return func(*a, **kw)\n  File \"C:\\Users\\user\\PycharmProjects\\Trado\\Web\\Pages\\WhoWeAre_page.py\", line 52, in click_pratim_nosafim_btn\n    self.scroll(self.pratim_text1, 300)\n  File \"C:\\Users\\user\\PycharmProjects\\Trado\\Web\\BasePage\\basepage.py\", line 29, in scroll\n    self._driver.execute_script(upto)\n  File \"C:\\Users\\user\\pselenium-venv\\lib\\site-packages\\selenium\\webdriver\\remote\\webdriver.py\", line 506, in execute_script\n    return self.execute(command, {\"script\": script, \"args\": converted_args})[\"value\"]\n  File \"C:\\Users\\user\\pselenium-venv\\lib\\site-packages\\selenium\\webdriver\\remote\\webdriver.py\", line 444, in execute\n    self.error_handler.check_response(response)\n  File \"C:\\Users\\user\\pselenium-venv\\lib\\site-packages\\selenium\\webdriver\\remote\\errorhandler.py\", line 249, in check_response\n    raise exception_class(message, screen, stacktrace)\n"}, "start": 1677087610994, "stop": 1677087614821}], "start": 1677087584890, "stop": 1677087614832, "uuid": "6700b80e-2c24-471e-9c30-9961b8be15c8", "historyId": "4406936b3fee61927363edf2d2d80921", "testCaseId": "8a8385cd892ea26ec1d4cfcc926906e2", "fullName": "Tests.test_who_we_are.Test#test_pratim_nosafim_btn", "labels": [{"name": "parentSuite", "value": "Tests"}, {"name": "suite", "value": "test_who_we_are"}, {"name": "subSuite", "value": "Test"}, {"name": "host", "value": "mike"}, {"name": "thread", "value": "18868-MainThread"}, {"name": "framework", "value": "pytest"}, {"name": "language", "value": "cpython3"}, {"name": "package", "value": "Tests.test_who_we_are"}]}