{"name": "test_register_with_invalid_user_data", "status": "broken", "statusDetails": {"message": "selenium.common.exceptions.TimeoutException: Message: \nStacktrace:\nBacktrace:\n\t(No symbol) [0x003837D3]\n\t(No symbol) [0x00318B81]\n\t(No symbol) [0x0021B36D]\n\t(No symbol) [0x0024D382]\n\t(No symbol) [0x0024D4BB]\n\t(No symbol) [0x00283302]\n\t(No symbol) [0x0026B464]\n\t(No symbol) [0x00281215]\n\t(No symbol) [0x0026B216]\n\t(No symbol) [0x00240D97]\n\t(No symbol) [0x0024253D]\n\tGetHandleVerifier [0x005FABF2+2510930]\n\tGetHandleVerifier [0x00628EC1+2700065]\n\tGetHandleVerifier [0x0062C86C+2714828]\n\tGetHandleVerifier [0x00433480+645344]\n\t(No symbol) [0x00320FD2]\n\t(No symbol) [0x00326C68]\n\t(No symbol) [0x00326D4B]\n\t(No symbol) [0x00330D6B]\n\tBaseThreadInitThunk [0x75EF7D69+25]\n\tRtlInitializeExceptionChain [0x76F3BB9B+107]\n\tRtlClearBits [0x76F3BB1F+191]", "trace": "self = <Web.Tests.test_register.Test_Register object at 0x000002BCBF0CC6D0>\n\n    @allure.severity(allure.severity_level.NORMAL)\n    @allure.description(\"Verify if register is not working with all invalid data\")\n    def test_register_with_invalid_user_data(self):\n        self.handle_the_first_popup()\n        self.click_myaccount_link()\n        self.click_register_button()\n        self.enter_invalid_phone()\n        self.enter_id_number()\n        self.click_checkbox()\n        self.click_connection()\n>       assert self.checking_the_title(self.page_title2) != 'רק מוודאים שאנחנו מכירים'\n\nTests\\test_register.py:137: \n_ _ _ _ _ _ _ _ _ _ _ _ _ _ _ _ _ _ _ _ _ _ _ _ _ _ _ _ _ _ _ _ _ _ _ _ _ _ _ _ _ _ _ _ _ _ _ _ _ _ _ _ _ _ _ _ _ _ _ _ _ _ _ _ _ _ _ _ _ _ _ _ _ _ _ _ _ _ _ _ _ _ _ _ _ _ _ _ _ _ _ _\nPages\\register_page.py:31: in checking_the_title\n    return self.text_reading(locate)\nBasePage\\basepage.py:49: in text_reading\n    return self._find(locate).text\nBasePage\\basepage.py:15: in _find\n    self._wait_until_element_is_visible(locate)\nBasePage\\basepage.py:25: in _wait_until_element_is_visible\n    wait.until(ec.visibility_of_element_located(locate))\n_ _ _ _ _ _ _ _ _ _ _ _ _ _ _ _ _ _ _ _ _ _ _ _ _ _ _ _ _ _ _ _ _ _ _ _ _ _ _ _ _ _ _ _ _ _ _ _ _ _ _ _ _ _ _ _ _ _ _ _ _ _ _ _ _ _ _ _ _ _ _ _ _ _ _ _ _ _ _ _ _ _ _ _ _ _ _ _ _ _ _ _\n\nself = <selenium.webdriver.support.wait.WebDriverWait (session=\"32bd27cba640272014f597bdd1254854\")>\nmethod = <function visibility_of_element_located.<locals>._predicate at 0x000002BCC0BE40D0>, message = ''\n\n    def until(self, method, message: str = \"\"):\n        \"\"\"Calls the method provided with the driver as an argument until the \\\n        return value does not evaluate to ``False``.\n    \n        :param method: callable(WebDriver)\n        :param message: optional message for :exc:`TimeoutException`\n        :returns: the result of the last call to `method`\n        :raises: :exc:`selenium.common.exceptions.TimeoutException` if timeout occurs\n        \"\"\"\n        screen = None\n        stacktrace = None\n    \n        end_time = time.monotonic() + self._timeout\n        while True:\n            try:\n                value = method(self._driver)\n                if value:\n                    return value\n            except self._ignored_exceptions as exc:\n                screen = getattr(exc, \"screen\", None)\n                stacktrace = getattr(exc, \"stacktrace\", None)\n            time.sleep(self._poll)\n            if time.monotonic() > end_time:\n                break\n>       raise TimeoutException(message, screen, stacktrace)\nE       selenium.common.exceptions.TimeoutException: Message: \nE       Stacktrace:\nE       Backtrace:\nE       \t(No symbol) [0x003837D3]\nE       \t(No symbol) [0x00318B81]\nE       \t(No symbol) [0x0021B36D]\nE       \t(No symbol) [0x0024D382]\nE       \t(No symbol) [0x0024D4BB]\nE       \t(No symbol) [0x00283302]\nE       \t(No symbol) [0x0026B464]\nE       \t(No symbol) [0x00281215]\nE       \t(No symbol) [0x0026B216]\nE       \t(No symbol) [0x00240D97]\nE       \t(No symbol) [0x0024253D]\nE       \tGetHandleVerifier [0x005FABF2+2510930]\nE       \tGetHandleVerifier [0x00628EC1+2700065]\nE       \tGetHandleVerifier [0x0062C86C+2714828]\nE       \tGetHandleVerifier [0x00433480+645344]\nE       \t(No symbol) [0x00320FD2]\nE       \t(No symbol) [0x00326C68]\nE       \t(No symbol) [0x00326D4B]\nE       \t(No symbol) [0x00330D6B]\nE       \tBaseThreadInitThunk [0x75EF7D69+25]\nE       \tRtlInitializeExceptionChain [0x76F3BB9B+107]\nE       \tRtlClearBits [0x76F3BB1F+191]\n\n..\\..\\..\\pselenium-venv\\lib\\site-packages\\selenium\\webdriver\\support\\wait.py:95: TimeoutException"}, "description": "Verify if register is not working with all invalid data", "steps": [{"name": "Opening the qa-trado website", "status": "passed", "start": 1677086139395, "stop": 1677086155749}, {"name": "select_option1", "status": "passed", "start": 1677086155749, "stop": 1677086156611}, {"name": "select_option2", "status": "passed", "start": 1677086156611, "stop": 1677086157116}, {"name": "click_save_button", "status": "passed", "start": 1677086157116, "stop": 1677086159114}, {"name": "click_myaccount_link", "status": "passed", "start": 1677086159115, "stop": 1677086159641}, {"name": "click_register_button", "status": "passed", "start": 1677086159642, "stop": 1677086161683}, {"name": "enter_invalid_phone", "status": "passed", "start": 1677086161683, "stop": 1677086162974}, {"name": "enter_id_number", "status": "passed", "start": 1677086162974, "stop": 1677086163920}, {"name": "click_checkbox", "status": "passed", "start": 1677086163920, "stop": 1677086164072}, {"name": "click_connection", "status": "passed", "start": 1677086164072, "stop": 1677086164375}, {"name": "checking_the_title", "status": "broken", "statusDetails": {"message": "selenium.common.exceptions.TimeoutException: Message: \nStacktrace:\nBacktrace:\n\t(No symbol) [0x003837D3]\n\t(No symbol) [0x00318B81]\n\t(No symbol) [0x0021B36D]\n\t(No symbol) [0x0024D382]\n\t(No symbol) [0x0024D4BB]\n\t(No symbol) [0x00283302]\n\t(No symbol) [0x0026B464]\n\t(No symbol) [0x00281215]\n\t(No symbol) [0x0026B216]\n\t(No symbol) [0x00240D97]\n\t(No symbol) [0x0024253D]\n\tGetHandleVerifier [0x005FABF2+2510930]\n\tGetHandleVerifier [0x00628EC1+2700065]\n\tGetHandleVerifier [0x0062C86C+2714828]\n\tGetHandleVerifier [0x00433480+645344]\n\t(No symbol) [0x00320FD2]\n\t(No symbol) [0x00326C68]\n\t(No symbol) [0x00326D4B]\n\t(No symbol) [0x00330D6B]\n\tBaseThreadInitThunk [0x75EF7D69+25]\n\tRtlInitializeExceptionChain [0x76F3BB9B+107]\n\tRtlClearBits [0x76F3BB1F+191]\n\n", "trace": "  File \"C:\\Users\\user\\pselenium-venv\\lib\\site-packages\\allure_commons\\_allure.py\", line 192, in impl\n    return func(*a, **kw)\n  File \"C:\\Users\\user\\PycharmProjects\\Trado\\Web\\Pages\\register_page.py\", line 31, in checking_the_title\n    return self.text_reading(locate)\n  File \"C:\\Users\\user\\PycharmProjects\\Trado\\Web\\BasePage\\basepage.py\", line 49, in text_reading\n    return self._find(locate).text\n  File \"C:\\Users\\user\\PycharmProjects\\Trado\\Web\\BasePage\\basepage.py\", line 15, in _find\n    self._wait_until_element_is_visible(locate)\n  File \"C:\\Users\\user\\PycharmProjects\\Trado\\Web\\BasePage\\basepage.py\", line 25, in _wait_until_element_is_visible\n    wait.until(ec.visibility_of_element_located(locate))\n  File \"C:\\Users\\user\\pselenium-venv\\lib\\site-packages\\selenium\\webdriver\\support\\wait.py\", line 95, in until\n    raise TimeoutException(message, screen, stacktrace)\n"}, "parameters": [{"name": "locate", "value": "('xpath', \"//h2[contains(text(),'רק מוודאים שאנחנו מכירים')]\")"}], "start": 1677086164375, "stop": 1677086179560}], "start": 1677086139395, "stop": 1677086179570, "uuid": "f9a7086a-616b-4505-9b64-529e53d6722b", "historyId": "db0060bb886f65fef52e7865421b33f7", "testCaseId": "8ab1a650fd4470267aea2f45a815f48e", "fullName": "Tests.test_register.Test_Register#test_register_with_invalid_user_data", "labels": [{"name": "severity", "value": "normal"}, {"name": "parentSuite", "value": "Tests"}, {"name": "suite", "value": "test_register"}, {"name": "subSuite", "value": "Test_Register"}, {"name": "host", "value": "mike"}, {"name": "thread", "value": "18868-MainThread"}, {"name": "framework", "value": "pytest"}, {"name": "language", "value": "cpython3"}, {"name": "package", "value": "Tests.test_register"}]}