{"name": "test_ddt_register_with_valid_user_data[1478116845-147895784-khgfhg-asfgrth-dfb@gmail.com-Beer Sheba-14]", "status": "broken", "statusDetails": {"message": "selenium.common.exceptions.TimeoutException: Message: \nStacktrace:\nBacktrace:\n\t(No symbol) [0x003837D3]\n\t(No symbol) [0x00318B81]\n\t(No symbol) [0x0021B36D]\n\t(No symbol) [0x0024D382]\n\t(No symbol) [0x0024D4BB]\n\t(No symbol) [0x00283302]\n\t(No symbol) [0x0026B464]\n\t(No symbol) [0x00281215]\n\t(No symbol) [0x0026B216]\n\t(No symbol) [0x00240D97]\n\t(No symbol) [0x0024253D]\n\tGetHandleVerifier [0x005FABF2+2510930]\n\tGetHandleVerifier [0x00628EC1+2700065]\n\tGetHandleVerifier [0x0062C86C+2714828]\n\tGetHandleVerifier [0x00433480+645344]\n\t(No symbol) [0x00320FD2]\n\t(No symbol) [0x00326C68]\n\t(No symbol) [0x00326D4B]\n\t(No symbol) [0x00330D6B]\n\tBaseThreadInitThunk [0x75EF7D69+25]\n\tRtlInitializeExceptionChain [0x76F3BB9B+107]\n\tRtlClearBits [0x76F3BB1F+191]", "trace": "self = <Web.Tests.test_data_driven.Test_DataDriveForRegistration object at 0x000002BCBF0C35B0>, phone = 1478116845, id_no = 147895784, fname = 'khgfhg', lname = 'asfgrth'\nemail = 'dfb@gmail.com', town = 'Beer Sheba', home = 14\n\n    @allure.severity(allure.severity_level.NORMAL)\n    @allure.description(\"Verify if register works with different data\")\n    @pytest.mark.parametrize(\"phone, id_no, fname, lname, email, town, home\", [test1, test2, test3])\n    def test_ddt_register_with_valid_user_data(self, phone, id_no, fname, lname, email, town, home):\n        self.handle_the_first_popup()\n        self.click_myaccount_link()\n        self.click_register_button()\n        self.enter_ddt_phone(phone)\n        self.enter_ddt_id(self.id_field, id_no)\n        self.click_checkbox()\n        self.click_connection()\n>       assert self.checking_the_title(self.page_title2) == 'רק מוודאים שאנחנו מכירים'\n\nTests\\test_data_driven.py:25: \n_ _ _ _ _ _ _ _ _ _ _ _ _ _ _ _ _ _ _ _ _ _ _ _ _ _ _ _ _ _ _ _ _ _ _ _ _ _ _ _ _ _ _ _ _ _ _ _ _ _ _ _ _ _ _ _ _ _ _ _ _ _ _ _ _ _ _ _ _ _ _ _ _ _ _ _ _ _ _ _ _ _ _ _ _ _ _ _ _ _ _ _\nPages\\register_page.py:31: in checking_the_title\n    return self.text_reading(locate)\nBasePage\\basepage.py:49: in text_reading\n    return self._find(locate).text\nBasePage\\basepage.py:15: in _find\n    self._wait_until_element_is_visible(locate)\nBasePage\\basepage.py:25: in _wait_until_element_is_visible\n    wait.until(ec.visibility_of_element_located(locate))\n_ _ _ _ _ _ _ _ _ _ _ _ _ _ _ _ _ _ _ _ _ _ _ _ _ _ _ _ _ _ _ _ _ _ _ _ _ _ _ _ _ _ _ _ _ _ _ _ _ _ _ _ _ _ _ _ _ _ _ _ _ _ _ _ _ _ _ _ _ _ _ _ _ _ _ _ _ _ _ _ _ _ _ _ _ _ _ _ _ _ _ _\n\nself = <selenium.webdriver.support.wait.WebDriverWait (session=\"9c6141c6266a6af5e0b1af6d25772fac\")>\nmethod = <function visibility_of_element_located.<locals>._predicate at 0x000002BCBF7BF640>, message = ''\n\n    def until(self, method, message: str = \"\"):\n        \"\"\"Calls the method provided with the driver as an argument until the \\\n        return value does not evaluate to ``False``.\n    \n        :param method: callable(WebDriver)\n        :param message: optional message for :exc:`TimeoutException`\n        :returns: the result of the last call to `method`\n        :raises: :exc:`selenium.common.exceptions.TimeoutException` if timeout occurs\n        \"\"\"\n        screen = None\n        stacktrace = None\n    \n        end_time = time.monotonic() + self._timeout\n        while True:\n            try:\n                value = method(self._driver)\n                if value:\n                    return value\n            except self._ignored_exceptions as exc:\n                screen = getattr(exc, \"screen\", None)\n                stacktrace = getattr(exc, \"stacktrace\", None)\n            time.sleep(self._poll)\n            if time.monotonic() > end_time:\n                break\n>       raise TimeoutException(message, screen, stacktrace)\nE       selenium.common.exceptions.TimeoutException: Message: \nE       Stacktrace:\nE       Backtrace:\nE       \t(No symbol) [0x003837D3]\nE       \t(No symbol) [0x00318B81]\nE       \t(No symbol) [0x0021B36D]\nE       \t(No symbol) [0x0024D382]\nE       \t(No symbol) [0x0024D4BB]\nE       \t(No symbol) [0x00283302]\nE       \t(No symbol) [0x0026B464]\nE       \t(No symbol) [0x00281215]\nE       \t(No symbol) [0x0026B216]\nE       \t(No symbol) [0x00240D97]\nE       \t(No symbol) [0x0024253D]\nE       \tGetHandleVerifier [0x005FABF2+2510930]\nE       \tGetHandleVerifier [0x00628EC1+2700065]\nE       \tGetHandleVerifier [0x0062C86C+2714828]\nE       \tGetHandleVerifier [0x00433480+645344]\nE       \t(No symbol) [0x00320FD2]\nE       \t(No symbol) [0x00326C68]\nE       \t(No symbol) [0x00326D4B]\nE       \t(No symbol) [0x00330D6B]\nE       \tBaseThreadInitThunk [0x75EF7D69+25]\nE       \tRtlInitializeExceptionChain [0x76F3BB9B+107]\nE       \tRtlClearBits [0x76F3BB1F+191]\n\n..\\..\\..\\pselenium-venv\\lib\\site-packages\\selenium\\webdriver\\support\\wait.py:95: TimeoutException"}, "description": "Verify if register works with different data", "steps": [{"name": "Opening the qa-trado website", "status": "passed", "start": 1677082876089, "stop": 1677082890973}, {"name": "select_option1", "status": "passed", "start": 1677082890973, "stop": 1677082891155}, {"name": "select_option2", "status": "passed", "start": 1677082891155, "stop": 1677082891279}, {"name": "click_save_button", "status": "passed", "start": 1677082891280, "stop": 1677082892121}, {"name": "click_myaccount_link", "status": "passed", "start": 1677082892122, "stop": 1677082892275}, {"name": "click_register_button", "status": "passed", "start": 1677082892276, "stop": 1677082892946}, {"name": "enter_ddt_phone", "status": "passed", "parameters": [{"name": "phone", "value": "1478116845"}], "start": 1677082892947, "stop": 1677082893223}, {"name": "enter_ddt_id", "status": "passed", "parameters": [{"name": "locate", "value": "('xpath', \"//body/div[@id='root']/div[1]/div[4]/div[1]/div[1]/div[1]/div[1]/form[1]/div[1]/div[2]/span[1]/input[1]\")"}, {"name": "idn", "value": "147895784"}], "start": 1677082893224, "stop": 1677082893579}, {"name": "click_checkbox", "status": "passed", "start": 1677082893579, "stop": 1677082893698}, {"name": "click_connection", "status": "passed", "start": 1677082893698, "stop": 1677082893855}, {"name": "checking_the_title", "status": "broken", "statusDetails": {"message": "selenium.common.exceptions.TimeoutException: Message: \nStacktrace:\nBacktrace:\n\t(No symbol) [0x003837D3]\n\t(No symbol) [0x00318B81]\n\t(No symbol) [0x0021B36D]\n\t(No symbol) [0x0024D382]\n\t(No symbol) [0x0024D4BB]\n\t(No symbol) [0x00283302]\n\t(No symbol) [0x0026B464]\n\t(No symbol) [0x00281215]\n\t(No symbol) [0x0026B216]\n\t(No symbol) [0x00240D97]\n\t(No symbol) [0x0024253D]\n\tGetHandleVerifier [0x005FABF2+2510930]\n\tGetHandleVerifier [0x00628EC1+2700065]\n\tGetHandleVerifier [0x0062C86C+2714828]\n\tGetHandleVerifier [0x00433480+645344]\n\t(No symbol) [0x00320FD2]\n\t(No symbol) [0x00326C68]\n\t(No symbol) [0x00326D4B]\n\t(No symbol) [0x00330D6B]\n\tBaseThreadInitThunk [0x75EF7D69+25]\n\tRtlInitializeExceptionChain [0x76F3BB9B+107]\n\tRtlClearBits [0x76F3BB1F+191]\n\n", "trace": "  File \"C:\\Users\\user\\pselenium-venv\\lib\\site-packages\\allure_commons\\_allure.py\", line 192, in impl\n    return func(*a, **kw)\n  File \"C:\\Users\\user\\PycharmProjects\\Trado\\Web\\Pages\\register_page.py\", line 31, in checking_the_title\n    return self.text_reading(locate)\n  File \"C:\\Users\\user\\PycharmProjects\\Trado\\Web\\BasePage\\basepage.py\", line 49, in text_reading\n    return self._find(locate).text\n  File \"C:\\Users\\user\\PycharmProjects\\Trado\\Web\\BasePage\\basepage.py\", line 15, in _find\n    self._wait_until_element_is_visible(locate)\n  File \"C:\\Users\\user\\PycharmProjects\\Trado\\Web\\BasePage\\basepage.py\", line 25, in _wait_until_element_is_visible\n    wait.until(ec.visibility_of_element_located(locate))\n  File \"C:\\Users\\user\\pselenium-venv\\lib\\site-packages\\selenium\\webdriver\\support\\wait.py\", line 95, in until\n    raise TimeoutException(message, screen, stacktrace)\n"}, "parameters": [{"name": "locate", "value": "('xpath', \"//h2[contains(text(),'רק מוודאים שאנחנו מכירים')]\")"}], "start": 1677082893855, "stop": 1677082908918}], "parameters": [{"name": "phone", "value": "1478116845"}, {"name": "id_no", "value": "147895784"}, {"name": "fname", "value": "'khgfhg'"}, {"name": "lname", "value": "'asfgrth'"}, {"name": "email", "value": "'dfb@gmail.com'"}, {"name": "town", "value": "'Beer Sheba'"}, {"name": "home", "value": "14"}], "start": 1677082876089, "stop": 1677082908919, "uuid": "616596d7-f235-464f-93c1-33a2b4f7f1da", "historyId": "1bcb5bf3641be331531502368540bde1", "testCaseId": "e0496ec3a13932e6b568ac3f6b12d3de", "fullName": "Tests.test_data_driven.Test_DataDriveForRegistration#test_ddt_register_with_valid_user_data", "labels": [{"name": "severity", "value": "normal"}, {"name": "parentSuite", "value": "Tests"}, {"name": "suite", "value": "test_data_driven"}, {"name": "subSuite", "value": "Test_DataDriveForRegistration"}, {"name": "host", "value": "mike"}, {"name": "thread", "value": "18868-MainThread"}, {"name": "framework", "value": "pytest"}, {"name": "language", "value": "cpython3"}, {"name": "package", "value": "Tests.test_data_driven"}]}